0 verbose cli C:\Program Files\nodejs\node.exe C:\Program Files\nodejs\node_modules\npm\bin\npm-cli.js
1 info using npm@11.11.1
2 info using node@v25.8.2
3 silly config load:file:C:\Program Files\nodejs\node_modules\npm\npmrc
4 silly config load:file:D:\Github\neutrx\.npmrc
5 silly config load:file:C:\Users\anmon\.npmrc
6 silly config load:file:C:\Users\anmon\AppData\Roaming\npm\etc\npmrc
7 verbose title npm pack
8 verbose argv "pack" "--dry-run" "--json"
9 verbose logfile logs-max:10 dir:D:\Github\neutrx\.npm-cache\_logs\2026-05-14T06_39_38_211Z-
10 verbose logfile D:\Github\neutrx\.npm-cache\_logs\2026-05-14T06_39_38_211Z-debug-0.log
11 silly logfile start cleaning logs, removing 1 files
12 silly logfile done cleaning log files
13 silly packumentCache heap:4496293888 maxSize:1124073472 maxEntrySize:562036736
14 verbose cwd D:\Github\neutrx
15 verbose os Windows_NT 10.0.26200
16 verbose node v25.8.2
17 verbose npm  v11.11.1
18 verbose exit 0
19 info ok
